2025-06-25 06:38:59,268 - INFO - --- Starting QRL PPO Training ---
2025-06-25 06:38:59,268 - INFO - Using device: cuda
2025-06-25 06:38:59,268 - INFO - Using model type: qnn
2025-06-25 06:38:59,268 - INFO - Run directory: /media/meow/Transcend/FinLab_tw/qrl_industry_sector_rotation/checkpoints/qnn_20250625_063859
2025-06-25 06:38:59,268 - INFO - Loading features from /media/meow/Transcend/FinLab_tw/qrl_industry_sector_rotation/features_data.csv
2025-06-25 06:38:59,324 - INFO - Preparing data and environment...
2025-06-25 06:38:59,349 - INFO - Number of industries (action space): 17
2025-06-25 06:38:59,349 - INFO - Number of features per industry: 7
2025-06-25 06:38:59,349 - INFO - Model input dimension (T, C): C = 119
2025-06-25 06:38:59,827 - INFO - 
--- Starting Training ---
2025-06-25 06:39:57,201 - INFO - Epoch 1, Total Reward: 1703.00
2025-06-25 06:40:54,519 - INFO - Epoch 2, Total Reward: 1715.10
2025-06-25 06:41:51,851 - INFO - Epoch 3, Total Reward: 1786.60
2025-06-25 06:42:49,238 - INFO - Epoch 4, Total Reward: 1875.70
2025-06-25 06:43:46,487 - INFO - Epoch 5, Total Reward: 1956.00
2025-06-25 06:44:43,672 - INFO - Epoch 6, Total Reward: 2053.90
2025-06-25 06:45:41,060 - INFO - Epoch 7, Total Reward: 2096.80
2025-06-25 06:46:38,251 - INFO - Epoch 8, Total Reward: 2229.90
2025-06-25 06:47:35,502 - INFO - Epoch 9, Total Reward: 2280.50
2025-06-25 06:48:32,745 - INFO - Epoch 10, Total Reward: 2336.60
2025-06-25 06:49:30,092 - INFO - Epoch 11, Total Reward: 2487.30
2025-06-25 06:50:27,522 - INFO - Epoch 12, Total Reward: 2515.90
2025-06-25 06:51:24,877 - INFO - Epoch 13, Total Reward: 2574.20
2025-06-25 06:52:22,122 - INFO - Epoch 14, Total Reward: 2531.30
2025-06-25 06:53:19,261 - INFO - Epoch 15, Total Reward: 2503.80
2025-06-25 06:54:16,412 - INFO - Epoch 16, Total Reward: 2524.70
2025-06-25 06:55:13,482 - INFO - Epoch 17, Total Reward: 2481.80
2025-06-25 06:56:11,239 - INFO - Epoch 18, Total Reward: 2489.50
2025-06-25 06:57:08,741 - INFO - Epoch 19, Total Reward: 2473.00
2025-06-25 06:58:06,082 - INFO - Epoch 20, Total Reward: 2506.00
2025-06-25 06:59:03,230 - INFO - Epoch 21, Total Reward: 2514.80
2025-06-25 07:00:00,579 - INFO - Epoch 22, Total Reward: 2577.50
2025-06-25 07:00:57,925 - INFO - Epoch 23, Total Reward: 2580.80
2025-06-25 07:01:55,314 - INFO - Epoch 24, Total Reward: 2623.70
2025-06-25 07:02:52,688 - INFO - Epoch 25, Total Reward: 2664.40
2025-06-25 07:03:49,780 - INFO - Epoch 26, Total Reward: 2689.70
2025-06-25 07:04:47,109 - INFO - Epoch 27, Total Reward: 2733.70
2025-06-25 07:05:44,199 - INFO - Epoch 28, Total Reward: 2734.80
2025-06-25 07:06:41,243 - INFO - Epoch 29, Total Reward: 2730.40
2025-06-25 07:07:38,627 - INFO - Epoch 30, Total Reward: 2722.70
2025-06-25 07:08:35,882 - INFO - Epoch 31, Total Reward: 2688.60
2025-06-25 07:09:33,159 - INFO - Epoch 32, Total Reward: 2735.90
2025-06-25 07:10:30,431 - INFO - Epoch 33, Total Reward: 2697.40
2025-06-25 07:11:27,716 - INFO - Epoch 34, Total Reward: 2742.50
2025-06-25 07:12:24,783 - INFO - Epoch 35, Total Reward: 2744.70
2025-06-25 07:13:22,206 - INFO - Epoch 36, Total Reward: 2753.50
2025-06-25 07:14:19,431 - INFO - Epoch 37, Total Reward: 2718.30
2025-06-25 07:15:16,762 - INFO - Epoch 38, Total Reward: 2746.90
2025-06-25 07:16:13,962 - INFO - Epoch 39, Total Reward: 2767.80
2025-06-25 07:17:11,403 - INFO - Epoch 40, Total Reward: 2761.20
2025-06-25 07:18:08,645 - INFO - Epoch 41, Total Reward: 2763.40
2025-06-25 07:19:05,902 - INFO - Epoch 42, Total Reward: 2788.70
2025-06-25 07:20:02,935 - INFO - Epoch 43, Total Reward: 2806.30
2025-06-25 07:21:00,162 - INFO - Epoch 44, Total Reward: 2774.40
2025-06-25 07:21:57,542 - INFO - Epoch 45, Total Reward: 2774.40
2025-06-25 07:22:54,832 - INFO - Epoch 46, Total Reward: 2764.50
2025-06-25 07:23:52,033 - INFO - Epoch 47, Total Reward: 2770.00
2025-06-25 07:24:49,353 - INFO - Epoch 48, Total Reward: 2784.30
2025-06-25 07:25:46,626 - INFO - Epoch 49, Total Reward: 2808.50
2025-06-25 07:26:43,772 - INFO - Epoch 50, Total Reward: 2812.90
2025-06-25 07:27:40,970 - INFO - Epoch 51, Total Reward: 2800.80
2025-06-25 07:28:38,047 - INFO - Epoch 52, Total Reward: 2789.80
2025-06-25 07:29:35,291 - INFO - Epoch 53, Total Reward: 2805.20
2025-06-25 07:30:32,381 - INFO - Epoch 54, Total Reward: 2819.50
2025-06-25 07:31:29,581 - INFO - Epoch 55, Total Reward: 2816.20
2025-06-25 07:32:26,827 - INFO - Epoch 56, Total Reward: 2805.20
2025-06-25 07:33:24,220 - INFO - Epoch 57, Total Reward: 2797.50
2025-06-25 07:34:21,326 - INFO - Epoch 58, Total Reward: 2827.20
2025-06-25 07:35:18,351 - INFO - Epoch 59, Total Reward: 2770.00
2025-06-25 07:36:15,591 - INFO - Epoch 60, Total Reward: 2772.20
2025-06-25 07:37:12,847 - INFO - Epoch 61, Total Reward: 2762.30
2025-06-25 07:38:10,246 - INFO - Epoch 62, Total Reward: 2770.00
2025-06-25 07:39:07,454 - INFO - Epoch 63, Total Reward: 2782.10
2025-06-25 07:40:04,651 - INFO - Epoch 64, Total Reward: 2772.20
2025-06-25 07:41:01,859 - INFO - Epoch 65, Total Reward: 2752.40
2025-06-25 07:41:58,932 - INFO - Epoch 66, Total Reward: 2753.50
2025-06-25 07:42:56,210 - INFO - Epoch 67, Total Reward: 2764.50
2025-06-25 07:43:53,429 - INFO - Epoch 68, Total Reward: 2783.20
2025-06-25 07:44:50,541 - INFO - Epoch 69, Total Reward: 2786.50
2025-06-25 07:45:47,752 - INFO - Epoch 70, Total Reward: 2759.00
2025-06-25 07:46:45,013 - INFO - Epoch 71, Total Reward: 2789.80
2025-06-25 07:47:42,293 - INFO - Epoch 72, Total Reward: 2790.90
2025-06-25 07:48:39,269 - INFO - Epoch 73, Total Reward: 2767.80
2025-06-25 07:49:36,569 - INFO - Epoch 74, Total Reward: 2798.60
2025-06-25 07:50:33,693 - INFO - Epoch 75, Total Reward: 2817.30
2025-06-25 07:51:30,839 - INFO - Epoch 76, Total Reward: 2832.70
2025-06-25 07:52:28,108 - INFO - Epoch 77, Total Reward: 2871.20
2025-06-25 07:53:25,144 - INFO - Epoch 78, Total Reward: 2809.60
2025-06-25 07:54:22,163 - INFO - Epoch 79, Total Reward: 2793.10
2025-06-25 07:55:19,170 - INFO - Epoch 80, Total Reward: 2816.20
2025-06-25 07:56:16,463 - INFO - Epoch 81, Total Reward: 2787.60
2025-06-25 07:57:13,526 - INFO - Epoch 82, Total Reward: 2826.10
2025-06-25 07:58:10,523 - INFO - Epoch 83, Total Reward: 2815.10
2025-06-25 07:59:07,491 - INFO - Epoch 84, Total Reward: 2845.90
2025-06-25 08:00:04,573 - INFO - Epoch 85, Total Reward: 2854.70
2025-06-25 08:01:01,535 - INFO - Epoch 86, Total Reward: 2808.50
2025-06-25 08:01:58,621 - INFO - Epoch 87, Total Reward: 2832.70
2025-06-25 08:02:55,857 - INFO - Epoch 88, Total Reward: 2814.00
2025-06-25 08:03:53,104 - INFO - Epoch 89, Total Reward: 2851.40
2025-06-25 08:04:50,445 - INFO - Epoch 90, Total Reward: 2877.80
2025-06-25 08:05:47,681 - INFO - Epoch 91, Total Reward: 2878.90
2025-06-25 08:06:44,905 - INFO - Epoch 92, Total Reward: 2888.80
2025-06-25 08:07:41,965 - INFO - Epoch 93, Total Reward: 2869.00
2025-06-25 08:08:39,162 - INFO - Epoch 94, Total Reward: 2889.90
2025-06-25 08:09:36,476 - INFO - Epoch 95, Total Reward: 2865.70
2025-06-25 08:10:33,563 - INFO - Epoch 96, Total Reward: 2861.30
2025-06-25 08:11:30,764 - INFO - Epoch 97, Total Reward: 2869.00
2025-06-25 08:12:27,841 - INFO - Epoch 98, Total Reward: 2844.80
2025-06-25 08:13:24,865 - INFO - Epoch 99, Total Reward: 2871.20
2025-06-25 08:14:21,976 - INFO - Epoch 100, Total Reward: 2847.00
2025-06-25 08:14:21,976 - INFO - 
--- Training Finished ---
2025-06-25 08:14:21,977 - INFO - Saving models to /media/meow/Transcend/FinLab_tw/qrl_industry_sector_rotation/checkpoints/qnn_20250625_063859
2025-06-25 08:14:22,121 - INFO - Models saved successfully.
2025-06-25 08:14:22,121 - INFO - 
--- Starting Evaluation ---
2025-06-25 08:14:58,179 - INFO - 
--- QRL Strategy Performance Metrics ---
2025-06-25 08:14:58,180 - INFO - Cumulative Return        : 105.93%
2025-06-25 08:14:58,180 - INFO - Annualized Return        : 14.89%
2025-06-25 08:14:58,180 - INFO - Annualized Volatility    : 19.18%
2025-06-25 08:14:58,180 - INFO - Sharpe Ratio             : 0.78
2025-06-25 08:14:58,180 - INFO - Max Drawdown             : -32.26%
2025-06-25 08:14:58,181 - INFO - Calmar Ratio             : 0.46
